<?xml version="1.0" encoding="UTF-8"?>
<!-- Generated by org.testng.reporters.JUnitXMLReporter -->
<testsuite ignored="0" hostname="ganesh" failures="1" tests="13" name="Surefire test" time="242.214" errors="0" timestamp="2022-06-29T12:25:41 IST">
  <testcase classname="com.ProjectK.qa.TestCases.TextBoxTest" name="validateTextBoxButtonTest" time="4.292"/>
  <testcase classname="com.ProjectK.qa.TestCases.TextBoxTest" name="dataDriventextBoxButtonTest" time="0.276"/>
  <testcase classname="com.ProjectK.qa.TestCases.TextBoxTest" name="dataDriventextBoxButtonTest" time="0.26"/>
  <testcase classname="com.ProjectK.qa.TestCases.TextBoxTest" name="dataDriventextBoxButtonTest" time="0.249"/>
  <testcase classname="com.ProjectK.qa.TestCases.TextBoxTest" name="dataDriventextBoxButtonTest" time="0.252"/>
  <testcase classname="com.ProjectK.qa.TestCases.DynamicPropertiesTest" name="validateUploadDownloadTest" time="11.069"/>
  <testcase classname="com.ProjectK.qa.TestCases.ButtonsTest" name="validateButtonsTest" time="11.333"/>
  <testcase classname="com.ProjectK.qa.TestCases.RadioButtonTest" name="validateRadioButtonTest" time="6.075"/>
  <testcase classname="com.ProjectK.qa.TestCases.WebTablesTest" name="validateWebTablesButtonTest" time="17.828"/>
  <testcase classname="com.ProjectK.qa.TestCases.LinksTest" name="validateLinksTest" time="55.56"/>
  <testcase classname="com.ProjectK.qa.TestCases.UploadDownloadTest" name="validateUploadDownloadTest" time="9.105"/>
  <testcase classname="com.ProjectK.qa.TestCases.BrokenLinkImagesTest" name="validateBrokenLinksImg" time="32.09">
    <failure type="org.openqa.selenium.TimeoutException" message="timeout: Timed out receiving message from renderer: 30.000
  (Session info: chrome=102.0.5005.115)
Build info: version: &amp;apos;4.1.1&amp;apos;, revision: &amp;apos;e8fcc2cecf&amp;apos;
System info: host: &amp;apos;ganesh&amp;apos;, ip: &amp;apos;127.0.1.1&amp;apos;, os.name: &amp;apos;Linux&amp;apos;, os.arch: &amp;apos;amd64&amp;apos;, os.version: &amp;apos;5.13.0-51-generic&amp;apos;, java.version: &amp;apos;11.0.15&amp;apos;
Driver info: org.openqa.selenium.chrome.ChromeDriver
Command: [5c657f88cec75178f8219ce6f280b1bc, clickElement {id=58500fff-a22f-4181-bfd5-0ce3be7ffa00}]
Capabilities {acceptInsecureCerts: false, browserName: chrome, browserVersion: 102.0.5005.115, chrome: {chromedriverVersion: 102.0.5005.61 (0e59bcc00cc4..., userDataDir: /tmp/.com.google.Chrome.iO2Cnd}, goog:chromeOptions: {debuggerAddress: localhost:46679}, javascriptEnabled: true, networkConnectionEnabled: false, pageLoadStrategy: normal, platform: LINUX, platformName: LINUX, proxy: Proxy(), se:cdp: ws://localhost:46679/devtoo..., se:cdpVersion: 102.0.5005.115, setWindowRect: true, strictFileInteractability: false, timeouts: {implicit: 0, pageLoad: 300000, script: 30000}, unhandledPromptBehavior: dismiss and notify, webauthn:extension:credBlob: true, webauthn:extension:largeBlob: true, webauthn:virtualAuthenticators: true}
Element: [[ChromeDriver: chrome on LINUX (5c657f88cec75178f8219ce6f280b1bc)] -&amp;gt; xpath: //*[@id=&amp;quot;app&amp;quot;]/div/div/div[2]/div[2]/div[2]/a[1]]
Session ID: 5c657f88cec75178f8219ce6f280b1bc">
      <![CDATA[org.openqa.selenium.TimeoutException: timeout: Timed out receiving message from renderer: 30.000
  (Session info: chrome=102.0.5005.115)
Build info: version: '4.1.1', revision: 'e8fcc2cecf'
System info: host: 'ganesh', ip: '127.0.1.1', os.name: 'Linux', os.arch: 'amd64', os.version: '5.13.0-51-generic', java.version: '11.0.15'
Driver info: org.openqa.selenium.chrome.ChromeDriver
Command: [5c657f88cec75178f8219ce6f280b1bc, clickElement {id=58500fff-a22f-4181-bfd5-0ce3be7ffa00}]
Capabilities {acceptInsecureCerts: false, browserName: chrome, browserVersion: 102.0.5005.115, chrome: {chromedriverVersion: 102.0.5005.61 (0e59bcc00cc4..., userDataDir: /tmp/.com.google.Chrome.iO2Cnd}, goog:chromeOptions: {debuggerAddress: localhost:46679}, javascriptEnabled: true, networkConnectionEnabled: false, pageLoadStrategy: normal, platform: LINUX, platformName: LINUX, proxy: Proxy(), se:cdp: ws://localhost:46679/devtoo..., se:cdpVersion: 102.0.5005.115, setWindowRect: true, strictFileInteractability: false, timeouts: {implicit: 0, pageLoad: 300000, script: 30000}, unhandledPromptBehavior: dismiss and notify, webauthn:extension:credBlob: true, webauthn:extension:largeBlob: true, webauthn:virtualAuthenticators: true}
Element: [[ChromeDriver: chrome on LINUX (5c657f88cec75178f8219ce6f280b1bc)] -> xpath: //*[@id="app"]/div/div/div[2]/div[2]/div[2]/a[1]]
Session ID: 5c657f88cec75178f8219ce6f280b1bc
at org.openqa.selenium.remote.codec.w3c.W3CHttpResponseCodec.createException(W3CHttpResponseCodec.java:200)
at org.openqa.selenium.remote.codec.w3c.W3CHttpResponseCodec.decode(W3CHttpResponseCodec.java:133)
at org.openqa.selenium.remote.codec.w3c.W3CHttpResponseCodec.decode(W3CHttpResponseCodec.java:53)
at org.openqa.selenium.remote.HttpCommandExecutor.execute(HttpCommandExecutor.java:184)
at org.openqa.selenium.remote.service.DriverCommandExecutor.invokeExecute(DriverCommandExecutor.java:167)
at org.openqa.selenium.remote.service.DriverCommandExecutor.execute(DriverCommandExecutor.java:142)
at org.openqa.selenium.remote.RemoteWebDriver.execute(RemoteWebDriver.java:543)
at org.openqa.selenium.remote.RemoteWebElement.execute(RemoteWebElement.java:251)
at org.openqa.selenium.remote.RemoteWebElement.click(RemoteWebElement.java:77)
at org.openqa.selenium.support.pagefactory.internal.LocatingElementHandler.invoke(LocatingElementHandler.java:52)
at com.sun.proxy.$Proxy17.click(Unknown Source)
at com.ProjectK.qa.pages.BrokenLinkImages.validateWorkingLink(BrokenLinkImages.java:31)
at com.ProjectK.qa.TestCases.BrokenLinkImagesTest.validateBrokenLinksImg(BrokenLinkImagesTest.java:28)
at java.base/java.util.ArrayList.forEach(ArrayList.java:1541)
... Removed 39 stack frames]]>
    </failure>
  </testcase> <!-- validateBrokenLinksImg -->
  <testcase classname="com.ProjectK.qa.TestCases.CheckBoxTest" name="validateCheckBoxButtonTest" time="12.255"/>
</testsuite> <!-- Surefire test -->
