<?xml version="1.0" encoding="UTF-8"?>
<!-- Generated by org.testng.reporters.JUnitXMLReporter -->
<testsuite ignored="0" hostname="ganesh" failures="0" tests="13" name="ProjectK Demo QA Framework" time="239.191" errors="0" timestamp="2022-06-29T11:51:45 IST">
  <testcase classname="com.ProjectK.qa.TestCases.TextBoxTest" name="validateTextBoxButtonTest" time="4.264"/>
  <testcase classname="com.ProjectK.qa.TestCases.TextBoxTest" name="dataDriventextBoxButtonTest" time="0.251"/>
  <testcase classname="com.ProjectK.qa.TestCases.TextBoxTest" name="dataDriventextBoxButtonTest" time="0.252"/>
  <testcase classname="com.ProjectK.qa.TestCases.TextBoxTest" name="dataDriventextBoxButtonTest" time="0.244"/>
  <testcase classname="com.ProjectK.qa.TestCases.TextBoxTest" name="dataDriventextBoxButtonTest" time="0.254"/>
  <testcase classname="com.ProjectK.qa.TestCases.CheckBoxTest" name="validateCheckBoxButtonTest" time="12.236"/>
  <testcase classname="com.ProjectK.qa.TestCases.RadioButtonTest" name="validateRadioButtonTest" time="6.072"/>
  <testcase classname="com.ProjectK.qa.TestCases.WebTablesTest" name="validateWebTablesButtonTest" time="17.84"/>
  <testcase classname="com.ProjectK.qa.TestCases.ButtonsTest" name="validateButtonsTest" time="11.333"/>
  <testcase classname="com.ProjectK.qa.TestCases.LinksTest" name="validateLinksTest" time="55.525"/>
  <testcase classname="com.ProjectK.qa.TestCases.BrokenLinkImagesTest" name="validateBrokenLinksImg" time="24.013"/>
  <testcase classname="com.ProjectK.qa.TestCases.UploadDownloadTest" name="validateUploadDownloadTest" time="9.118"/>
  <testcase classname="com.ProjectK.qa.TestCases.DynamicPropertiesTest" name="validateUploadDownloadTest" time="11.05"/>
</testsuite> <!-- ProjectK Demo QA Framework -->
