<?xml version="1.0" encoding="UTF-8"?>
<!-- Generated by org.testng.reporters.JUnitXMLReporter -->
<testsuite ignored="1" hostname="ganesh" failures="0" tests="4" name="Default test" time="24.066" errors="0" timestamp="2022-06-27T12:50:36 IST">
  <testcase classname="com.ProjectK.qa.TestCases.TextBoxTest" name="dataDriventextBoxButtonTest" time="0.281"/>
  <testcase classname="com.ProjectK.qa.TestCases.TextBoxTest" name="dataDriventextBoxButtonTest" time="0.24"/>
  <testcase classname="com.ProjectK.qa.TestCases.TextBoxTest" name="dataDriventextBoxButtonTest" time="0.267"/>
  <testcase classname="com.ProjectK.qa.TestCases.TextBoxTest" name="dataDriventextBoxButtonTest" time="0.243"/>
  <testcase classname="com.ProjectK.qa.TestCases.TextBoxTest" name="validateTextBoxButtonTest" time="0.0">
    <ignored/>
  </testcase> <!-- validateTextBoxButtonTest -->
</testsuite> <!-- Default test -->
