<?xml version="1.0" encoding="UTF-8"?>
<testsuite xmlns:xsi="http://www.w3.org/2001/XMLSchema-instance" xsi:noNamespaceSchemaLocation="https://maven.apache.org/surefire/maven-surefire-plugin/xsd/surefire-test-report.xsd" name="TestSuite" time="242.671" tests="13" errors="0" skipped="0" failures="1">
  <properties>
[...]
</properties>
  <testcase name="validateTextBoxButtonTest" classname="com.ProjectK.qa.TestCases.TextBoxTest" time="4.293"/>
  <testcase name="dataDriventextBoxButtonTest" classname="com.ProjectK.qa.TestCases.TextBoxTest" time="0.276"/>
  <testcase name="dataDriventextBoxButtonTest" classname="com.ProjectK.qa.TestCases.TextBoxTest" time="0.26"/>
  <testcase name="dataDriventextBoxButtonTest" classname="com.ProjectK.qa.TestCases.TextBoxTest" time="0.248"/>
  <testcase name="dataDriventextBoxButtonTest" classname="com.ProjectK.qa.TestCases.TextBoxTest" time="0.253"/>
  <testcase name="validateUploadDownloadTest" classname="com.ProjectK.qa.TestCases.DynamicPropertiesTest" time="11.069"/>
  <testcase name="validateButtonsTest" classname="com.ProjectK.qa.TestCases.ButtonsTest" time="11.333"/>
  <testcase name="validateRadioButtonTest" classname="com.ProjectK.qa.TestCases.RadioButtonTest" time="6.074"/>
  <testcase name="validateWebTablesButtonTest" classname="com.ProjectK.qa.TestCases.WebTablesTest" time="17.829"/>
  <testcase name="validateLinksTest" classname="com.ProjectK.qa.TestCases.LinksTest" time="55.56"/>
  <testcase name="validateUploadDownloadTest" classname="com.ProjectK.qa.TestCases.UploadDownloadTest" time="9.105"/>
  <testcase name="validateBrokenLinksImg" classname="com.ProjectK.qa.TestCases.BrokenLinkImagesTest" time="32.097">
    <failure message="timeout: Timed out receiving message from renderer: 30.000&#10;  (Session info: chrome=102.0.5005.115)&#10;Build info: version: &apos;4.1.1&apos;, revision: &apos;e8fcc2cecf&apos;&#10;System info: host: &apos;ganesh&apos;, ip: &apos;127.0.1.1&apos;, os.name: &apos;Linux&apos;, os.arch: &apos;amd64&apos;, os.version: &apos;5.13.0-51-generic&apos;, java.version: &apos;11.0.15&apos;&#10;Driver info: org.openqa.selenium.chrome.ChromeDriver&#10;Command: [5c657f88cec75178f8219ce6f280b1bc, clickElement {id=58500fff-a22f-4181-bfd5-0ce3be7ffa00}]&#10;Capabilities {acceptInsecureCerts: false, browserName: chrome, browserVersion: 102.0.5005.115, chrome: {chromedriverVersion: 102.0.5005.61 (0e59bcc00cc4..., userDataDir: /tmp/.com.google.Chrome.iO2Cnd}, goog:chromeOptions: {debuggerAddress: localhost:46679}, javascriptEnabled: true, networkConnectionEnabled: false, pageLoadStrategy: normal, platform: LINUX, platformName: LINUX, proxy: Proxy(), se:cdp: ws://localhost:46679/devtoo..., se:cdpVersion: 102.0.5005.115, setWindowRect: true, strictFileInteractability: false, timeouts: {implicit: 0, pageLoad: 300000, script: 30000}, unhandledPromptBehavior: dismiss and notify, webauthn:extension:credBlob: true, webauthn:extension:largeBlob: true, webauthn:virtualAuthenticators: true}&#10;Element: [[ChromeDriver: chrome on LINUX (5c657f88cec75178f8219ce6f280b1bc)] -&gt; xpath: //*[@id=&quot;app&quot;]/div/div/div[2]/div[2]/div[2]/a[1]]&#10;Session ID: 5c657f88cec75178f8219ce6f280b1bc" type="org.openqa.selenium.TimeoutException">org.openqa.selenium.TimeoutException: 
timeout: Timed out receiving message from renderer: 30.000
  (Session info: chrome=102.0.5005.115)
Build info: version: '4.1.1', revision: 'e8fcc2cecf'
System info: host: 'ganesh', ip: '127.0.1.1', os.name: 'Linux', os.arch: 'amd64', os.version: '5.13.0-51-generic', java.version: '11.0.15'
Driver info: org.openqa.selenium.chrome.ChromeDriver
Command: [5c657f88cec75178f8219ce6f280b1bc, clickElement {id=58500fff-a22f-4181-bfd5-0ce3be7ffa00}]
Capabilities {acceptInsecureCerts: false, browserName: chrome, browserVersion: 102.0.5005.115, chrome: {chromedriverVersion: 102.0.5005.61 (0e59bcc00cc4..., userDataDir: /tmp/.com.google.Chrome.iO2Cnd}, goog:chromeOptions: {debuggerAddress: localhost:46679}, javascriptEnabled: true, networkConnectionEnabled: false, pageLoadStrategy: normal, platform: LINUX, platformName: LINUX, proxy: Proxy(), se:cdp: ws://localhost:46679/devtoo..., se:cdpVersion: 102.0.5005.115, setWindowRect: true, strictFileInteractability: false, timeouts: {implicit: 0, pageLoad: 300000, script: 30000}, unhandledPromptBehavior: dismiss and notify, webauthn:extension:credBlob: true, webauthn:extension:largeBlob: true, webauthn:virtualAuthenticators: true}
Element: [[ChromeDriver: chrome on LINUX (5c657f88cec75178f8219ce6f280b1bc)] -> xpath: //*[@id="app"]/div/div/div[2]/div[2]/div[2]/a[1]]
Session ID: 5c657f88cec75178f8219ce6f280b1bc
	at com.ProjectK.qa.TestCases.BrokenLinkImagesTest.validateBrokenLinksImg(BrokenLinkImagesTest.java:28)
</failure>
    <system-err><![CDATA[Starting ChromeDriver 102.0.5005.61 (0e59bcc00cc4985ce39ad31c150065f159d95ad3-refs/branch-heads/5005@{#819}) on port 51293
Only local connections are allowed.
Please see https://chromedriver.chromium.org/security-considerations for suggestions on keeping ChromeDriver safe.
ChromeDriver was started successfully.
Jun 29, 2022 12:24:45 PM org.openqa.selenium.remote.ProtocolHandshake createSession
INFO: Detected dialect: W3C
Jun 29, 2022 12:24:45 PM org.openqa.selenium.devtools.CdpVersionFinder findNearestMatch
WARNING: Unable to find an exact match for CDP version 102, so returning the closest version found: a no-op implementation
Jun 29, 2022 12:24:45 PM org.openqa.selenium.devtools.CdpVersionFinder findNearestMatch
INFO: Unable to find CDP implementation matching 102.
Jun 29, 2022 12:24:45 PM org.openqa.selenium.chromium.ChromiumDriver lambda$new$3
WARNING: Unable to find version of CDP to use for . You may need to include a dependency on a specific version of the CDP using something similar to `org.seleniumhq.selenium:selenium-devtools-v86:4.1.1` where the version ("v86") matches the version of the chromium-based browser you're using and the version number of the artifact is the same as Selenium's.
[1656485722.432][SEVERE]: Timed out receiving message from renderer: 30.000
[1656485722.433][SEVERE]: Timed out receiving message from renderer: 30.000
]]></system-err>
  </testcase>
  <testcase name="validateCheckBoxButtonTest" classname="com.ProjectK.qa.TestCases.CheckBoxTest" time="12.255"/>
</testsuite>