<?xml version="1.0" encoding="UTF-8"?>
<testng-results ignored="0" total="13" passed="12" failed="1" skipped="0">
  <reporter-output>
  </reporter-output>
  <suite started-at="2022-06-29T12:21:38 IST" name="Surefire suite" finished-at="2022-06-29T12:25:41 IST" duration-ms="242214">
    <groups>
    </groups>
    <test started-at="2022-06-29T12:21:38 IST" name="Surefire test" finished-at="2022-06-29T12:25:41 IST" duration-ms="242214">
      <class name="com.ProjectK.qa.TestCases.WebTablesTest">
        <test-method is-config="true" signature="setUp()[pri:0, instance:com.ProjectK.qa.TestCases.WebTablesTest@51f116b8]" started-at="2022-06-29T12:23:04 IST" name="setUp" finished-at="2022-06-29T12:23:09 IST" duration-ms="5302" status="PASS">
          <reporter-output>
          </reporter-output>
        </test-method> <!-- setUp -->
        <test-method signature="validateWebTablesButtonTest()[pri:0, instance:com.ProjectK.qa.TestCases.WebTablesTest@51f116b8]" started-at="2022-06-29T12:23:09 IST" name="validateWebTablesButtonTest" finished-at="2022-06-29T12:23:27 IST" duration-ms="17828" status="PASS">
          <reporter-output>
          </reporter-output>
        </test-method> <!-- validateWebTablesButtonTest -->
        <test-method is-config="true" signature="tearDown()[pri:0, instance:com.ProjectK.qa.TestCases.WebTablesTest@51f116b8]" started-at="2022-06-29T12:23:27 IST" name="tearDown" finished-at="2022-06-29T12:23:27 IST" duration-ms="102" status="PASS">
          <reporter-output>
          </reporter-output>
        </test-method> <!-- tearDown -->
      </class> <!-- com.ProjectK.qa.TestCases.WebTablesTest -->
      <class name="com.ProjectK.qa.TestCases.UploadDownloadTest">
        <test-method is-config="true" signature="setUp()[pri:0, instance:com.ProjectK.qa.TestCases.UploadDownloadTest@1f97cf0d]" started-at="2022-06-29T12:24:30 IST" name="setUp" finished-at="2022-06-29T12:24:35 IST" duration-ms="5284" status="PASS">
          <reporter-output>
          </reporter-output>
        </test-method> <!-- setUp -->
        <test-method signature="validateUploadDownloadTest()[pri:0, instance:com.ProjectK.qa.TestCases.UploadDownloadTest@1f97cf0d]" started-at="2022-06-29T12:24:35 IST" name="validateUploadDownloadTest" finished-at="2022-06-29T12:24:44 IST" duration-ms="9105" status="PASS">
          <reporter-output>
          </reporter-output>
        </test-method> <!-- validateUploadDownloadTest -->
        <test-method is-config="true" signature="tearDown()[pri:0, instance:com.ProjectK.qa.TestCases.UploadDownloadTest@1f97cf0d]" started-at="2022-06-29T12:24:44 IST" name="tearDown" finished-at="2022-06-29T12:24:44 IST" duration-ms="101" status="PASS">
          <reporter-output>
          </reporter-output>
        </test-method> <!-- tearDown -->
      </class> <!-- com.ProjectK.qa.TestCases.UploadDownloadTest -->
      <class name="com.ProjectK.qa.TestCases.DynamicPropertiesTest">
        <test-method is-config="true" signature="setUp()[pri:0, instance:com.ProjectK.qa.TestCases.DynamicPropertiesTest@2abf4075]" started-at="2022-06-29T12:22:17 IST" name="setUp" finished-at="2022-06-29T12:22:24 IST" duration-ms="6678" status="PASS">
          <reporter-output>
          </reporter-output>
        </test-method> <!-- setUp -->
        <test-method signature="validateUploadDownloadTest()[pri:0, instance:com.ProjectK.qa.TestCases.DynamicPropertiesTest@2abf4075]" started-at="2022-06-29T12:22:24 IST" name="validateUploadDownloadTest" finished-at="2022-06-29T12:22:35 IST" duration-ms="11069" status="PASS">
          <reporter-output>
          </reporter-output>
        </test-method> <!-- validateUploadDownloadTest -->
        <test-method is-config="true" signature="tearDown()[pri:0, instance:com.ProjectK.qa.TestCases.DynamicPropertiesTest@2abf4075]" started-at="2022-06-29T12:22:35 IST" name="tearDown" finished-at="2022-06-29T12:22:35 IST" duration-ms="101" status="PASS">
          <reporter-output>
          </reporter-output>
        </test-method> <!-- tearDown -->
      </class> <!-- com.ProjectK.qa.TestCases.DynamicPropertiesTest -->
      <class name="com.ProjectK.qa.TestCases.LinksTest">
        <test-method is-config="true" signature="setUp()[pri:0, instance:com.ProjectK.qa.TestCases.LinksTest@19d481b]" started-at="2022-06-29T12:23:27 IST" name="setUp" finished-at="2022-06-29T12:23:34 IST" duration-ms="6958" status="PASS">
          <reporter-output>
          </reporter-output>
        </test-method> <!-- setUp -->
        <test-method signature="validateLinksTest()[pri:0, instance:com.ProjectK.qa.TestCases.LinksTest@19d481b]" started-at="2022-06-29T12:23:34 IST" name="validateLinksTest" finished-at="2022-06-29T12:24:30 IST" duration-ms="55560" status="PASS">
          <reporter-output>
          </reporter-output>
        </test-method> <!-- validateLinksTest -->
        <test-method is-config="true" signature="tearDown()[pri:0, instance:com.ProjectK.qa.TestCases.LinksTest@19d481b]" started-at="2022-06-29T12:24:30 IST" name="tearDown" finished-at="2022-06-29T12:24:30 IST" duration-ms="101" status="PASS">
          <reporter-output>
          </reporter-output>
        </test-method> <!-- tearDown -->
      </class> <!-- com.ProjectK.qa.TestCases.LinksTest -->
      <class name="com.ProjectK.qa.TestCases.TextBoxTest">
        <test-method is-config="true" signature="setUp()[pri:0, instance:com.ProjectK.qa.TestCases.TextBoxTest@fa36558]" started-at="2022-06-29T12:21:39 IST" name="setUp" finished-at="2022-06-29T12:21:50 IST" duration-ms="11682" status="PASS">
          <reporter-output>
          </reporter-output>
        </test-method> <!-- setUp -->
        <test-method signature="validateTextBoxButtonTest()[pri:1, instance:com.ProjectK.qa.TestCases.TextBoxTest@fa36558]" started-at="2022-06-29T12:21:50 IST" name="validateTextBoxButtonTest" finished-at="2022-06-29T12:21:55 IST" duration-ms="4292" status="PASS">
          <reporter-output>
          </reporter-output>
        </test-method> <!-- validateTextBoxButtonTest -->
        <test-method is-config="true" signature="tearDown()[pri:0, instance:com.ProjectK.qa.TestCases.TextBoxTest@fa36558]" started-at="2022-06-29T12:21:55 IST" name="tearDown" finished-at="2022-06-29T12:21:55 IST" duration-ms="103" status="PASS">
          <reporter-output>
          </reporter-output>
        </test-method> <!-- tearDown -->
        <test-method is-config="true" signature="setUp()[pri:0, instance:com.ProjectK.qa.TestCases.TextBoxTest@fa36558]" started-at="2022-06-29T12:21:55 IST" name="setUp" finished-at="2022-06-29T12:22:00 IST" duration-ms="5319" status="PASS">
          <reporter-output>
          </reporter-output>
        </test-method> <!-- setUp -->
        <test-method signature="dataDriventextBoxButtonTest(java.lang.String,java.lang.String,java.lang.String,java.lang.String)[pri:2, instance:com.ProjectK.qa.TestCases.TextBoxTest@fa36558]" started-at="2022-06-29T12:22:00 IST" name="dataDriventextBoxButtonTest" data-provider="getprojectKTestData" finished-at="2022-06-29T12:22:00 IST" duration-ms="276" status="PASS">
          <params>
            <param index="0">
              <value>
                <![CDATA[Ganesh]]>
              </value>
            </param>
            <param index="1">
              <value>
                <![CDATA[ganesh@gmail.com]]>
              </value>
            </param>
            <param index="2">
              <value>
                <![CDATA[abc]]>
              </value>
            </param>
            <param index="3">
              <value>
                <![CDATA[fefe]]>
              </value>
            </param>
          </params>
          <reporter-output>
          </reporter-output>
        </test-method> <!-- dataDriventextBoxButtonTest -->
        <test-method is-config="true" signature="tearDown()[pri:0, instance:com.ProjectK.qa.TestCases.TextBoxTest@fa36558]" started-at="2022-06-29T12:22:00 IST" name="tearDown" finished-at="2022-06-29T12:22:00 IST" duration-ms="103" status="PASS">
          <reporter-output>
          </reporter-output>
        </test-method> <!-- tearDown -->
        <test-method is-config="true" signature="setUp()[pri:0, instance:com.ProjectK.qa.TestCases.TextBoxTest@fa36558]" started-at="2022-06-29T12:22:00 IST" name="setUp" finished-at="2022-06-29T12:22:05 IST" duration-ms="5009" status="PASS">
          <reporter-output>
          </reporter-output>
        </test-method> <!-- setUp -->
        <test-method signature="dataDriventextBoxButtonTest(java.lang.String,java.lang.String,java.lang.String,java.lang.String)[pri:2, instance:com.ProjectK.qa.TestCases.TextBoxTest@fa36558]" started-at="2022-06-29T12:22:05 IST" name="dataDriventextBoxButtonTest" data-provider="getprojectKTestData" finished-at="2022-06-29T12:22:06 IST" duration-ms="260" status="PASS">
          <params>
            <param index="0">
              <value>
                <![CDATA[Vipul]]>
              </value>
            </param>
            <param index="1">
              <value>
                <![CDATA[vipul@gmail.com]]>
              </value>
            </param>
            <param index="2">
              <value>
                <![CDATA[dsdsd]]>
              </value>
            </param>
            <param index="3">
              <value>
                <![CDATA[ggfs]]>
              </value>
            </param>
          </params>
          <reporter-output>
          </reporter-output>
        </test-method> <!-- dataDriventextBoxButtonTest -->
        <test-method is-config="true" signature="tearDown()[pri:0, instance:com.ProjectK.qa.TestCases.TextBoxTest@fa36558]" started-at="2022-06-29T12:22:06 IST" name="tearDown" finished-at="2022-06-29T12:22:06 IST" duration-ms="100" status="PASS">
          <reporter-output>
          </reporter-output>
        </test-method> <!-- tearDown -->
        <test-method is-config="true" signature="setUp()[pri:0, instance:com.ProjectK.qa.TestCases.TextBoxTest@fa36558]" started-at="2022-06-29T12:22:06 IST" name="setUp" finished-at="2022-06-29T12:22:12 IST" duration-ms="5714" status="PASS">
          <reporter-output>
          </reporter-output>
        </test-method> <!-- setUp -->
        <test-method signature="dataDriventextBoxButtonTest(java.lang.String,java.lang.String,java.lang.String,java.lang.String)[pri:2, instance:com.ProjectK.qa.TestCases.TextBoxTest@fa36558]" started-at="2022-06-29T12:22:12 IST" name="dataDriventextBoxButtonTest" data-provider="getprojectKTestData" finished-at="2022-06-29T12:22:12 IST" duration-ms="249" status="PASS">
          <params>
            <param index="0">
              <value>
                <![CDATA[Kajal]]>
              </value>
            </param>
            <param index="1">
              <value>
                <![CDATA[kajal@gmail.com]]>
              </value>
            </param>
            <param index="2">
              <value>
                <![CDATA[hhdjnsd]]>
              </value>
            </param>
            <param index="3">
              <value>
                <![CDATA[opiqm]]>
              </value>
            </param>
          </params>
          <reporter-output>
          </reporter-output>
        </test-method> <!-- dataDriventextBoxButtonTest -->
        <test-method is-config="true" signature="tearDown()[pri:0, instance:com.ProjectK.qa.TestCases.TextBoxTest@fa36558]" started-at="2022-06-29T12:22:12 IST" name="tearDown" finished-at="2022-06-29T12:22:12 IST" duration-ms="104" status="PASS">
          <reporter-output>
          </reporter-output>
        </test-method> <!-- tearDown -->
        <test-method is-config="true" signature="setUp()[pri:0, instance:com.ProjectK.qa.TestCases.TextBoxTest@fa36558]" started-at="2022-06-29T12:22:12 IST" name="setUp" finished-at="2022-06-29T12:22:17 IST" duration-ms="5181" status="PASS">
          <reporter-output>
          </reporter-output>
        </test-method> <!-- setUp -->
        <test-method signature="dataDriventextBoxButtonTest(java.lang.String,java.lang.String,java.lang.String,java.lang.String)[pri:2, instance:com.ProjectK.qa.TestCases.TextBoxTest@fa36558]" started-at="2022-06-29T12:22:17 IST" name="dataDriventextBoxButtonTest" data-provider="getprojectKTestData" finished-at="2022-06-29T12:22:17 IST" duration-ms="252" status="PASS">
          <params>
            <param index="0">
              <value>
                <![CDATA[Tester1]]>
              </value>
            </param>
            <param index="1">
              <value>
                <![CDATA[Tester1@gmail.com]]>
              </value>
            </param>
            <param index="2">
              <value>
                <![CDATA[dddjeid]]>
              </value>
            </param>
            <param index="3">
              <value>
                <![CDATA[lqsms]]>
              </value>
            </param>
          </params>
          <reporter-output>
          </reporter-output>
        </test-method> <!-- dataDriventextBoxButtonTest -->
        <test-method is-config="true" signature="tearDown()[pri:0, instance:com.ProjectK.qa.TestCases.TextBoxTest@fa36558]" started-at="2022-06-29T12:22:17 IST" name="tearDown" finished-at="2022-06-29T12:22:17 IST" duration-ms="101" status="PASS">
          <reporter-output>
          </reporter-output>
        </test-method> <!-- tearDown -->
      </class> <!-- com.ProjectK.qa.TestCases.TextBoxTest -->
      <class name="com.ProjectK.qa.TestCases.ButtonsTest">
        <test-method is-config="true" signature="setUp()[pri:0, instance:com.ProjectK.qa.TestCases.ButtonsTest@770d3326]" started-at="2022-06-29T12:22:35 IST" name="setUp" finished-at="2022-06-29T12:22:41 IST" duration-ms="5349" status="PASS">
          <reporter-output>
          </reporter-output>
        </test-method> <!-- setUp -->
        <test-method signature="validateButtonsTest()[pri:0, instance:com.ProjectK.qa.TestCases.ButtonsTest@770d3326]" started-at="2022-06-29T12:22:41 IST" name="validateButtonsTest" finished-at="2022-06-29T12:22:52 IST" duration-ms="11333" status="PASS">
          <reporter-output>
          </reporter-output>
        </test-method> <!-- validateButtonsTest -->
        <test-method is-config="true" signature="tearDown()[pri:0, instance:com.ProjectK.qa.TestCases.ButtonsTest@770d3326]" started-at="2022-06-29T12:22:52 IST" name="tearDown" finished-at="2022-06-29T12:22:52 IST" duration-ms="101" status="PASS">
          <reporter-output>
          </reporter-output>
        </test-method> <!-- tearDown -->
      </class> <!-- com.ProjectK.qa.TestCases.ButtonsTest -->
      <class name="com.ProjectK.qa.TestCases.BrokenLinkImagesTest">
        <test-method is-config="true" signature="setUp()[pri:0, instance:com.ProjectK.qa.TestCases.BrokenLinkImagesTest@140c9f39]" started-at="2022-06-29T12:24:44 IST" name="setUp" finished-at="2022-06-29T12:24:50 IST" duration-ms="5494" status="PASS">
          <reporter-output>
          </reporter-output>
        </test-method> <!-- setUp -->
        <test-method signature="validateBrokenLinksImg()[pri:0, instance:com.ProjectK.qa.TestCases.BrokenLinkImagesTest@140c9f39]" started-at="2022-06-29T12:24:50 IST" name="validateBrokenLinksImg" finished-at="2022-06-29T12:25:22 IST" duration-ms="32090" status="FAIL">
          <exception class="org.openqa.selenium.TimeoutException">
            <message>
              <![CDATA[timeout: Timed out receiving message from renderer: 30.000
  (Session info: chrome=102.0.5005.115)
Build info: version: '4.1.1', revision: 'e8fcc2cecf'
System info: host: 'ganesh', ip: '127.0.1.1', os.name: 'Linux', os.arch: 'amd64', os.version: '5.13.0-51-generic', java.version: '11.0.15'
Driver info: org.openqa.selenium.chrome.ChromeDriver
Command: [5c657f88cec75178f8219ce6f280b1bc, clickElement {id=58500fff-a22f-4181-bfd5-0ce3be7ffa00}]
Capabilities {acceptInsecureCerts: false, browserName: chrome, browserVersion: 102.0.5005.115, chrome: {chromedriverVersion: 102.0.5005.61 (0e59bcc00cc4..., userDataDir: /tmp/.com.google.Chrome.iO2Cnd}, goog:chromeOptions: {debuggerAddress: localhost:46679}, javascriptEnabled: true, networkConnectionEnabled: false, pageLoadStrategy: normal, platform: LINUX, platformName: LINUX, proxy: Proxy(), se:cdp: ws://localhost:46679/devtoo..., se:cdpVersion: 102.0.5005.115, setWindowRect: true, strictFileInteractability: false, timeouts: {implicit: 0, pageLoad: 300000, script: 30000}, unhandledPromptBehavior: dismiss and notify, webauthn:extension:credBlob: true, webauthn:extension:largeBlob: true, webauthn:virtualAuthenticators: true}
Element: [[ChromeDriver: chrome on LINUX (5c657f88cec75178f8219ce6f280b1bc)] -> xpath: //*[@id="app"]/div/div/div[2]/div[2]/div[2]/a[1]]
Session ID: 5c657f88cec75178f8219ce6f280b1bc]]>
            </message>
            <full-stacktrace>
              <![CDATA[org.openqa.selenium.TimeoutException: timeout: Timed out receiving message from renderer: 30.000
  (Session info: chrome=102.0.5005.115)
Build info: version: '4.1.1', revision: 'e8fcc2cecf'
System info: host: 'ganesh', ip: '127.0.1.1', os.name: 'Linux', os.arch: 'amd64', os.version: '5.13.0-51-generic', java.version: '11.0.15'
Driver info: org.openqa.selenium.chrome.ChromeDriver
Command: [5c657f88cec75178f8219ce6f280b1bc, clickElement {id=58500fff-a22f-4181-bfd5-0ce3be7ffa00}]
Capabilities {acceptInsecureCerts: false, browserName: chrome, browserVersion: 102.0.5005.115, chrome: {chromedriverVersion: 102.0.5005.61 (0e59bcc00cc4..., userDataDir: /tmp/.com.google.Chrome.iO2Cnd}, goog:chromeOptions: {debuggerAddress: localhost:46679}, javascriptEnabled: true, networkConnectionEnabled: false, pageLoadStrategy: normal, platform: LINUX, platformName: LINUX, proxy: Proxy(), se:cdp: ws://localhost:46679/devtoo..., se:cdpVersion: 102.0.5005.115, setWindowRect: true, strictFileInteractability: false, timeouts: {implicit: 0, pageLoad: 300000, script: 30000}, unhandledPromptBehavior: dismiss and notify, webauthn:extension:credBlob: true, webauthn:extension:largeBlob: true, webauthn:virtualAuthenticators: true}
Element: [[ChromeDriver: chrome on LINUX (5c657f88cec75178f8219ce6f280b1bc)] -> xpath: //*[@id="app"]/div/div/div[2]/div[2]/div[2]/a[1]]
Session ID: 5c657f88cec75178f8219ce6f280b1bc
at java.base/jdk.internal.reflect.NativeConstructorAccessorImpl.newInstance0(Native Method)
at java.base/jdk.internal.reflect.NativeConstructorAccessorImpl.newInstance(NativeConstructorAccessorImpl.java:62)
at java.base/jdk.internal.reflect.DelegatingConstructorAccessorImpl.newInstance(DelegatingConstructorAccessorImpl.java:45)
at java.base/java.lang.reflect.Constructor.newInstance(Constructor.java:490)
at org.openqa.selenium.remote.codec.w3c.W3CHttpResponseCodec.createException(W3CHttpResponseCodec.java:200)
at org.openqa.selenium.remote.codec.w3c.W3CHttpResponseCodec.decode(W3CHttpResponseCodec.java:133)
at org.openqa.selenium.remote.codec.w3c.W3CHttpResponseCodec.decode(W3CHttpResponseCodec.java:53)
at org.openqa.selenium.remote.HttpCommandExecutor.execute(HttpCommandExecutor.java:184)
at org.openqa.selenium.remote.service.DriverCommandExecutor.invokeExecute(DriverCommandExecutor.java:167)
at org.openqa.selenium.remote.service.DriverCommandExecutor.execute(DriverCommandExecutor.java:142)
at org.openqa.selenium.remote.RemoteWebDriver.execute(RemoteWebDriver.java:543)
at org.openqa.selenium.remote.RemoteWebElement.execute(RemoteWebElement.java:251)
at org.openqa.selenium.remote.RemoteWebElement.click(RemoteWebElement.java:77)
at jdk.internal.reflect.GeneratedMethodAccessor2.invoke(Unknown Source)
at java.base/jdk.internal.reflect.DelegatingMethodAccessorImpl.invoke(DelegatingMethodAccessorImpl.java:43)
at java.base/java.lang.reflect.Method.invoke(Method.java:566)
at org.openqa.selenium.support.pagefactory.internal.LocatingElementHandler.invoke(LocatingElementHandler.java:52)
at com.sun.proxy.$Proxy17.click(Unknown Source)
at com.ProjectK.qa.pages.BrokenLinkImages.validateWorkingLink(BrokenLinkImages.java:31)
at com.ProjectK.qa.TestCases.BrokenLinkImagesTest.validateBrokenLinksImg(BrokenLinkImagesTest.java:28)
at java.base/jdk.internal.reflect.NativeMethodAccessorImpl.invoke0(Native Method)
at java.base/jdk.internal.reflect.NativeMethodAccessorImpl.invoke(NativeMethodAccessorImpl.java:62)
at java.base/jdk.internal.reflect.DelegatingMethodAccessorImpl.invoke(DelegatingMethodAccessorImpl.java:43)
at java.base/java.lang.reflect.Method.invoke(Method.java:566)
at org.testng.internal.invokers.MethodInvocationHelper.invokeMethod(MethodInvocationHelper.java:139)
at org.testng.internal.invokers.TestInvoker.invokeMethod(TestInvoker.java:677)
at org.testng.internal.invokers.TestInvoker.invokeTestMethod(TestInvoker.java:221)
at org.testng.internal.invokers.MethodRunner.runInSequence(MethodRunner.java:50)
at org.testng.internal.invokers.TestInvoker$MethodInvocationAgent.invoke(TestInvoker.java:962)
at org.testng.internal.invokers.TestInvoker.invokeTestMethods(TestInvoker.java:194)
at org.testng.internal.invokers.TestMethodWorker.invokeTestMethods(TestMethodWorker.java:148)
at org.testng.internal.invokers.TestMethodWorker.run(TestMethodWorker.java:128)
at java.base/java.util.ArrayList.forEach(ArrayList.java:1541)
at org.testng.TestRunner.privateRun(TestRunner.java:806)
at org.testng.TestRunner.run(TestRunner.java:601)
at org.testng.SuiteRunner.runTest(SuiteRunner.java:433)
at org.testng.SuiteRunner.runSequentially(SuiteRunner.java:427)
at org.testng.SuiteRunner.privateRun(SuiteRunner.java:387)
at org.testng.SuiteRunner.run(SuiteRunner.java:330)
at org.testng.SuiteRunnerWorker.runSuite(SuiteRunnerWorker.java:52)
at org.testng.SuiteRunnerWorker.run(SuiteRunnerWorker.java:95)
at org.testng.TestNG.runSuitesSequentially(TestNG.java:1256)
at org.testng.TestNG.runSuitesLocally(TestNG.java:1176)
at org.testng.TestNG.runSuites(TestNG.java:1099)
at org.testng.TestNG.run(TestNG.java:1067)
at org.apache.maven.surefire.testng.TestNGExecutor.run(TestNGExecutor.java:135)
at org.apache.maven.surefire.testng.TestNGDirectoryTestSuite.executeMulti(TestNGDirectoryTestSuite.java:193)
at org.apache.maven.surefire.testng.TestNGDirectoryTestSuite.execute(TestNGDirectoryTestSuite.java:94)
at org.apache.maven.surefire.testng.TestNGProvider.invoke(TestNGProvider.java:146)
at org.apache.maven.surefire.booter.ForkedBooter.invokeProviderInSameClassLoader(ForkedBooter.java:384)
at org.apache.maven.surefire.booter.ForkedBooter.runSuitesInProcess(ForkedBooter.java:345)
at org.apache.maven.surefire.booter.ForkedBooter.execute(ForkedBooter.java:126)
at org.apache.maven.surefire.booter.ForkedBooter.main(ForkedBooter.java:418)
]]>
            </full-stacktrace>
          </exception> <!-- org.openqa.selenium.TimeoutException -->
          <reporter-output>
          </reporter-output>
        </test-method> <!-- validateBrokenLinksImg -->
        <test-method is-config="true" signature="tearDown()[pri:0, instance:com.ProjectK.qa.TestCases.BrokenLinkImagesTest@140c9f39]" started-at="2022-06-29T12:25:22 IST" name="tearDown" finished-at="2022-06-29T12:25:22 IST" duration-ms="101" status="PASS">
          <reporter-output>
          </reporter-output>
        </test-method> <!-- tearDown -->
      </class> <!-- com.ProjectK.qa.TestCases.BrokenLinkImagesTest -->
      <class name="com.ProjectK.qa.TestCases.RadioButtonTest">
        <test-method is-config="true" signature="setUp()[pri:0, instance:com.ProjectK.qa.TestCases.RadioButtonTest@4cc8eb05]" started-at="2022-06-29T12:22:52 IST" name="setUp" finished-at="2022-06-29T12:22:58 IST" duration-ms="5766" status="PASS">
          <reporter-output>
          </reporter-output>
        </test-method> <!-- setUp -->
        <test-method signature="validateRadioButtonTest()[pri:1, instance:com.ProjectK.qa.TestCases.RadioButtonTest@4cc8eb05]" started-at="2022-06-29T12:22:58 IST" name="validateRadioButtonTest" finished-at="2022-06-29T12:23:04 IST" duration-ms="6075" status="PASS">
          <reporter-output>
          </reporter-output>
        </test-method> <!-- validateRadioButtonTest -->
        <test-method is-config="true" signature="tearDown()[pri:0, instance:com.ProjectK.qa.TestCases.RadioButtonTest@4cc8eb05]" started-at="2022-06-29T12:23:04 IST" name="tearDown" finished-at="2022-06-29T12:23:04 IST" duration-ms="101" status="PASS">
          <reporter-output>
          </reporter-output>
        </test-method> <!-- tearDown -->
      </class> <!-- com.ProjectK.qa.TestCases.RadioButtonTest -->
      <class name="com.ProjectK.qa.TestCases.CheckBoxTest">
        <test-method is-config="true" signature="setUp()[pri:0, instance:com.ProjectK.qa.TestCases.CheckBoxTest@4d910fd6]" started-at="2022-06-29T12:25:22 IST" name="setUp" finished-at="2022-06-29T12:25:28 IST" duration-ms="6286" status="PASS">
          <reporter-output>
          </reporter-output>
        </test-method> <!-- setUp -->
        <test-method signature="validateCheckBoxButtonTest()[pri:1, instance:com.ProjectK.qa.TestCases.CheckBoxTest@4d910fd6]" started-at="2022-06-29T12:25:28 IST" name="validateCheckBoxButtonTest" finished-at="2022-06-29T12:25:41 IST" duration-ms="12255" status="PASS">
          <reporter-output>
          </reporter-output>
        </test-method> <!-- validateCheckBoxButtonTest -->
        <test-method is-config="true" signature="tearDown()[pri:0, instance:com.ProjectK.qa.TestCases.CheckBoxTest@4d910fd6]" started-at="2022-06-29T12:25:41 IST" name="tearDown" finished-at="2022-06-29T12:25:41 IST" duration-ms="101" status="PASS">
          <reporter-output>
          </reporter-output>
        </test-method> <!-- tearDown -->
      </class> <!-- com.ProjectK.qa.TestCases.CheckBoxTest -->
    </test> <!-- Surefire test -->
  </suite> <!-- Surefire suite -->
</testng-results>
