<?xml version="1.0" encoding="UTF-8"?>
<testng-results ignored="0" total="1" passed="1" failed="0" skipped="0">
  <reporter-output>
  </reporter-output>
  <suite started-at="2022-08-03T11:50:27 IST" name="ProjectK Test Automation Suite" finished-at="2022-08-03T11:50:45 IST" duration-ms="17579">
    <groups>
    </groups>
    <test started-at="2022-08-03T11:50:27 IST" name="ProjectK Demo QA Framework" finished-at="2022-08-03T11:50:45 IST" duration-ms="17579">
      <class name="com.ProjectK.qa.TestCases.CheckBoxTest">
        <test-method is-config="true" signature="setUp()[pri:0, instance:com.ProjectK.qa.TestCases.CheckBoxTest@3a44431a]" started-at="2022-08-03T11:50:27 IST" name="setUp" finished-at="2022-08-03T11:50:33 IST" duration-ms="5183" status="PASS">
          <reporter-output>
          </reporter-output>
        </test-method> <!-- setUp -->
        <test-method signature="validateCheckBoxButtonTest()[pri:1, instance:com.ProjectK.qa.TestCases.CheckBoxTest@3a44431a]" started-at="2022-08-03T11:50:33 IST" name="validateCheckBoxButtonTest" finished-at="2022-08-03T11:50:45 IST" duration-ms="12289" status="PASS">
          <reporter-output>
          </reporter-output>
        </test-method> <!-- validateCheckBoxButtonTest -->
        <test-method is-config="true" signature="tearDown()[pri:0, instance:com.ProjectK.qa.TestCases.CheckBoxTest@3a44431a]" started-at="2022-08-03T11:50:45 IST" name="tearDown" finished-at="2022-08-03T11:50:45 IST" duration-ms="78" status="PASS">
          <reporter-output>
          </reporter-output>
        </test-method> <!-- tearDown -->
      </class> <!-- com.ProjectK.qa.TestCases.CheckBoxTest -->
    </test> <!-- ProjectK Demo QA Framework -->
  </suite> <!-- ProjectK Test Automation Suite -->
</testng-results>
